<?xml version="1.0" encoding="UTF-8"?>
<!-- Generated by org.testng.reporters.JUnitReportReporter -->
<testsuite hostname="DESKTOP-46RUPSI" failures="0" tests="1" name="TestRunner.CucumberTestRunner" time="8.616" errors="0" timestamp="2024-09-18T12:04:32 IST" skipped="0">
  <testcase classname="TestRunner.CucumberTestRunner" name="runScenario" time="8.616"/>
</testsuite> <!-- TestRunner.CucumberTestRunner -->
