<?xml version="1.0" encoding="UTF-8"?>
<!-- Generated by org.testng.reporters.JUnitReportReporter -->
<testsuite hostname="DESKTOP-46RUPSI" failures="0" tests="1" name="TestRunner.CucumberTestRunnerFortags" time="0.168" errors="0" timestamp="2024-09-18T09:15:17 IST" skipped="0">
  <testcase classname="TestRunner.CucumberTestRunnerFortags" name="runScenario" time="0.168"/>
</testsuite> <!-- TestRunner.CucumberTestRunnerFortags -->
